<?xml version="1.0" encoding="utf-8"?><testsuites name="pytest tests"><testsuite name="pytest" errors="0" failures="1" skipped="0" tests="2" time="0.046" timestamp="2026-02-16T17:51:35.780665-05:00" hostname="LenovoL490"><testcase classname="test.test_suma" name="test_suma" time="0.001" /><testcase classname="test.test_suma" name="test_suma_fail" time="0.001"><failure message="assert 3 == 4&#10; +  where 3 = suma(1, 2)">def test_suma_fail():
&gt;       assert suma (1,2) == 4
E       assert 3 == 4
E        +  where 3 = suma(1, 2)

test/test_suma.py:13: AssertionError</failure></testcase></testsuite></testsuites>